{"message":"Listening on port 3000...","level":"info"}
{"message":"Connected to mongodb://localhost/inulaApp database.","level":"info"}
{"message":"Listening on port 3000...","level":"info"}
{"message":"Connected to mongodb://localhost/inulaApp database.","level":"info"}
{"message":"Listening on port 3000...","level":"info"}
{"message":"Connected to mongodb://localhost/inulaApp database.","level":"info"}
{"message":"Listening on port 3000...","level":"info"}
{"message":"Connected to mongodb://localhost/inulaApp database.","level":"info"}
{"message":"Listening on port 3000...","level":"info"}
{"message":"Connected to mongodb://localhost/inulaApp database.","level":"info"}
{"message":"Listening on port 3000...","level":"info"}
{"message":"Connected to mongodb://localhost/inulaApp database.","level":"info"}
{"message":"Listening on port 3000...","level":"info"}
{"message":"Connected to mongodb://localhost/inulaApp database.","level":"info"}
{"message":"Listening on port 3000...","level":"info"}
{"message":"Connected to mongodb://localhost/inulaApp database.","level":"info"}
{"message":"Listening on port 3000...","level":"info"}
{"message":"Connected to mongodb://localhost/inulaApp database.","level":"info"}
{"message":"Listening on port 3000...","level":"info"}
{"message":"Connected to mongodb://localhost/inulaApp database.","level":"info"}
{"message":"Listening on port 3000...","level":"info"}
{"message":"Connected to mongodb://localhost/inulaApp database.","level":"info"}
{"message":"Listening on port 3000...","level":"info"}
{"message":"Connected to mongodb://localhost/inulaApp database.","level":"info"}
{"message":"Listening on port 3000...","level":"info"}
{"message":"Connected to mongodb://localhost/inulaApp database.","level":"info"}
{"message":"Listening on port 3000...","level":"info"}
{"message":"Connected to mongodb://localhost/inulaApp database.","level":"info"}
{"message":"Listening on port 3000...","level":"info"}
{"message":"Connected to mongodb://localhost/inulaApp database.","level":"info"}
{"message":"Listening on port 3000...","level":"info"}
{"message":"Connected to mongodb://localhost/inulaApp database.","level":"info"}
{"message":"Listening on port 3000...","level":"info"}
{"message":"Connected to mongodb://localhost/inulaApp database.","level":"info"}
{"message":"Listening on port 3000...","level":"info"}
{"message":"Connected to mongodb://localhost/inulaApp database.","level":"info"}
{"message":"Listening on port 3000...","level":"info"}
{"message":"Connected to mongodb://localhost/inulaApp database.","level":"info"}
{"message":"Listening on port 3000...","level":"info"}
{"message":"Connected to mongodb://localhost/inulaApp database.","level":"info"}
{"message":"Listening on port 3000...","level":"info"}
{"message":"Connected to mongodb://localhost/inulaApp_testData database.","level":"info"}
{"message":"Listening on port 3000...","level":"info"}
{"message":"Connected to mongodb://localhost/inulaApp_testData database.","level":"info"}
{"message":"Listening on port 3000...","level":"info"}
{"message":"Connected to mongodb://localhost/inulaApp_testData database.","level":"info"}
{"message":"Listening on port 3000...","level":"info"}
{"message":"Connected to mongodb://localhost/inulaApp_testData database.","level":"info"}
{"message":"Listening on port 3000...","level":"info"}
{"message":"Connected to mongodb://localhost/inulaApp_testData database.","level":"info"}
{"message":"Listening on port 3000...","level":"info"}
{"message":"Connected to mongodb://localhost/inulaApp_testData database.","level":"info"}
{"message":"Listening on port 3000...","level":"info"}
{"message":"Connected to mongodb://localhost/inulaApp database.","level":"info"}
{"message":"Listening on port 3000...","level":"info"}
{"message":"Connected to mongodb://localhost/inulaApp database.","level":"info"}
{"message":"Listening on port 3000...","level":"info"}
{"message":"Connected to mongodb://localhost/inulaApp database.","level":"info"}
{"message":"Listening on port 3000...","level":"info"}
{"message":"Connected to mongodb://localhost/inulaApp database.","level":"info"}
{"message":"Listening on port 3000...","level":"info"}
{"message":"Connected to mongodb://localhost/inulaApp database.","level":"info"}
{"message":"Listening on port 3000...","level":"info"}
{"message":"Connected to mongodb://localhost/inulaApp database.","level":"info"}
{"message":"Listening on port 3000...","level":"info"}
{"message":"Connected to mongodb://localhost/inulaApp database.","level":"info"}
{"message":"Listening on port 3000...","level":"info"}
{"message":"Connected to mongodb://localhost/inulaApp database.","level":"info"}
{"message":"Listening on port 3000...","level":"info"}
{"message":"Connected to mongodb://localhost/inulaApp database.","level":"info"}
{"message":"Listening on port 3000...","level":"info"}
{"message":"Connected to mongodb://localhost/inulaApp database.","level":"info"}
{"message":"Listening on port 3000...","level":"info"}
{"message":"Connected to mongodb://localhost/inulaApp database.","level":"info"}
{"level":"error","message":"name is not defined"}
{"message":"Listening on port 3000...","level":"info"}
{"message":"Connected to mongodb://localhost/inulaApp database.","level":"info"}
{"level":"error","message":"name is not defined"}
{"message":"Listening on port 3000...","level":"info"}
{"message":"Connected to mongodb://localhost/inulaApp database.","level":"info"}
{"level":"error","message":"Converting circular structure to JSON"}
{"level":"error","message":"Converting circular structure to JSON"}
{"level":"error","message":"Converting circular structure to JSON"}
{"level":"error","message":"Converting circular structure to JSON"}
{"message":"Listening on port 3000...","level":"info"}
{"message":"Connected to mongodb://localhost/inulaApp database.","level":"info"}
{"level":"error","message":"Converting circular structure to JSON"}
{"message":"Listening on port 3000...","level":"info"}
{"message":"Connected to mongodb://localhost/inulaApp database.","level":"info"}
{"level":"error","message":"Converting circular structure to JSON"}
{"message":"Listening on port 3000...","level":"info"}
{"message":"Connected to mongodb://localhost/inulaApp database.","level":"info"}
{"message":"Listening on port 3000...","level":"info"}
{"message":"Connected to mongodb://localhost/inulaApp database.","level":"info"}
{"ok":0,"errmsg":"Projection cannot have a mix of inclusion and exclusion.","code":2,"codeName":"BadValue","name":"MongoError","level":"error","message":"Projection cannot have a mix of inclusion and exclusion."}
{"message":"Listening on port 3000...","level":"info"}
{"message":"Connected to mongodb://localhost/inulaApp database.","level":"info"}
{"level":"error","message":"Invalid select: select only takes 1 argument"}
{"message":"Listening on port 3000...","level":"info"}
{"message":"Connected to mongodb://localhost/inulaApp database.","level":"info"}
{"message":"Listening on port 3000...","level":"info"}
{"message":"Connected to mongodb://localhost/inulaApp database.","level":"info"}
{"message":"Listening on port 3000...","level":"info"}
{"message":"Connected to mongodb://localhost/inulaApp database.","level":"info"}
{"message":"Listening on port 3000...","level":"info"}
{"message":"Connected to mongodb://localhost/inulaApp database.","level":"info"}
{"message":"Listening on port 3000...","level":"info"}
{"message":"Connected to mongodb://localhost/inulaApp database.","level":"info"}
{"message":"Listening on port 3000...","level":"info"}
{"message":"Connected to mongodb://localhost/inulaApp database.","level":"info"}
{"message":"Listening on port 3000...","level":"info"}
{"message":"Connected to mongodb://localhost/inulaApp database.","level":"info"}
{"message":"Listening on port 3000...","level":"info"}
{"message":"Connected to mongodb://localhost/inulaApp database.","level":"info"}
{"message":"Listening on port 3000...","level":"info"}
{"message":"Connected to mongodb://localhost/inulaApp database.","level":"info"}
{"message":"Listening on port 3000...","level":"info"}
{"message":"Connected to mongodb://localhost/inulaApp database.","level":"info"}
{"message":"Listening on port 3000...","level":"info"}
{"message":"Connected to mongodb://localhost/inulaApp database.","level":"info"}
{"message":"Listening on port 3000...","level":"info"}
{"message":"Connected to mongodb://localhost/inulaApp database.","level":"info"}
{"message":"Listening on port 3000...","level":"info"}
{"message":"Connected to mongodb://localhost/inulaApp database.","level":"info"}
{"message":"Listening on port 3000...","level":"info"}
{"message":"Connected to mongodb://localhost/inulaApp database.","level":"info"}
{"message":"Listening on port 3000...","level":"info"}
{"message":"Connected to mongodb://localhost/inulaApp database.","level":"info"}
{"message":"Listening on port 3000...","level":"info"}
{"message":"Connected to mongodb://localhost/inulaApp database.","level":"info"}
{"message":"Listening on port 3000...","level":"info"}
{"message":"Listening on port 3000...","level":"info"}
{"message":"Connected to mongodb://localhost/inulaApp database.","level":"info"}
{"message":"Listening on port 3000...","level":"info"}
{"message":"Connected to mongodb://localhost/inulaApp database.","level":"info"}
{"message":"Listening on port 3000...","level":"info"}
{"message":"Connected to mongodb://localhost/inulaApp database.","level":"info"}
{"message":"Listening on port 3000...","level":"info"}
{"message":"Connected to mongodb://localhost/inulaApp database.","level":"info"}
{"message":"Listening on port 3000...","level":"info"}
{"message":"Connected to mongodb://localhost/inulaApp database.","level":"info"}
{"message":"Listening on port 3000...","level":"info"}
{"message":"Connected to mongodb://localhost/inulaApp database.","level":"info"}
{"message":"Listening on port 3000...","level":"info"}
{"message":"Connected to mongodb://localhost/inulaApp database.","level":"info"}
{"message":"Listening on port 3000...","level":"info"}
{"message":"Connected to mongodb://localhost/inulaApp database.","level":"info"}
{"message":"Listening on port 3000...","level":"info"}
{"message":"Connected to mongodb://localhost/inulaApp database.","level":"info"}
{"message":"Listening on port 3000...","level":"info"}
{"message":"Connected to mongodb://localhost/inulaApp database.","level":"info"}
{"message":"Listening on port 3000...","level":"info"}
{"message":"Connected to mongodb://localhost/inulaApp database.","level":"info"}
{"message":"Listening on port 3000...","level":"info"}
{"message":"Connected to mongodb://localhost/inulaApp database.","level":"info"}
{"message":"Listening on port 3000...","level":"info"}
{"message":"Connected to mongodb://localhost/inulaApp database.","level":"info"}
{"message":"Listening on port 3000...","level":"info"}
{"message":"Connected to mongodb://localhost/inulaApp database.","level":"info"}
{"message":"Listening on port 3000...","level":"info"}
{"message":"Connected to mongodb://localhost/inulaApp database.","level":"info"}
{"message":"Listening on port 3000...","level":"info"}
{"message":"Connected to mongodb://localhost/inulaApp database.","level":"info"}
{"message":"Listening on port 3000...","level":"info"}
{"message":"Connected to mongodb://localhost/inulaApp database.","level":"info"}
{"message":"Listening on port 3000...","level":"info"}
{"message":"Connected to mongodb://localhost/inulaApp database.","level":"info"}
{"message":"Listening on port 3000...","level":"info"}
{"message":"Connected to mongodb://localhost/inulaApp database.","level":"info"}
{"message":"Listening on port 3000...","level":"info"}
{"message":"Connected to mongodb://localhost/inulaApp database.","level":"info"}
{"message":"Listening on port 3000...","level":"info"}
{"message":"Connected to mongodb://localhost/inulaApp database.","level":"info"}
{"message":"Listening on port 3000...","level":"info"}
{"message":"Connected to mongodb://localhost/inulaApp database.","level":"info"}
{"message":"Listening on port 3000...","level":"info"}
{"message":"Connected to mongodb://localhost/inulaApp database.","level":"info"}
{"message":"Listening on port 3000...","level":"info"}
{"message":"Connected to mongodb://localhost/inulaApp database.","level":"info"}
{"message":"Listening on port 3000...","level":"info"}
{"message":"Connected to mongodb://localhost/inulaApp database.","level":"info"}
{"message":"Listening on port 3000...","level":"info"}
{"message":"Connected to mongodb://localhost/inulaApp database.","level":"info"}
{"message":"Listening on port 3000...","level":"info"}
{"message":"Connected to mongodb://localhost/inulaApp database.","level":"info"}
{"message":"Listening on port 3000...","level":"info"}
{"message":"Connected to mongodb://localhost/inulaApp database.","level":"info"}
{"message":"Listening on port 3000...","level":"info"}
{"message":"Connected to mongodb://localhost/inulaApp database.","level":"info"}
{"message":"Listening on port 3000...","level":"info"}
{"message":"Connected to mongodb://localhost/inulaApp database.","level":"info"}
{"message":"Listening on port 3000...","level":"info"}
{"message":"Connected to mongodb://localhost/inulaApp database.","level":"info"}
{"message":"Listening on port 3000...","level":"info"}
{"message":"Connected to mongodb://localhost/inulaApp database.","level":"info"}
{"message":"Listening on port 3000...","level":"info"}
{"message":"Connected to mongodb://localhost/inulaApp database.","level":"info"}
{"message":"Listening on port 3000...","level":"info"}
{"message":"Connected to mongodb://localhost/inulaApp database.","level":"info"}
{"message":"Listening on port 3000...","level":"info"}
{"message":"Connected to mongodb://localhost/inulaApp database.","level":"info"}
{"message":"Listening on port 3000...","level":"info"}
{"message":"Connected to mongodb://localhost/inulaApp database.","level":"info"}
{"message":"Listening on port 3000...","level":"info"}
{"message":"Connected to mongodb://localhost/inulaApp database.","level":"info"}
{"message":"Listening on port 3000...","level":"info"}
{"message":"Connected to mongodb://localhost/inulaApp database.","level":"info"}
{"message":"Listening on port 3000...","level":"info"}
{"message":"Connected to mongodb://localhost/inulaApp database.","level":"info"}
{"message":"Listening on port 3000...","level":"info"}
{"message":"Connected to mongodb://localhost/inulaApp database.","level":"info"}
{"message":"Listening on port 3000...","level":"info"}
{"message":"Connected to mongodb://localhost/inulaApp database.","level":"info"}
{"message":"Listening on port 3000...","level":"info"}
{"message":"Connected to mongodb://localhost/inulaApp database.","level":"info"}
{"message":"Listening on port 3000...","level":"info"}
{"message":"Connected to mongodb://localhost/inulaApp database.","level":"info"}
{"message":"Listening on port 3000...","level":"info"}
{"message":"Connected to mongodb://localhost/inulaApp database.","level":"info"}
{"message":"Listening on port 3000...","level":"info"}
{"message":"Connected to mongodb://localhost/inulaApp database.","level":"info"}
{"message":"Listening on port 3000...","level":"info"}
{"message":"Connected to mongodb://localhost/inulaApp database.","level":"info"}
{"message":"Listening on port 3000...","level":"info"}
{"message":"Connected to mongodb://localhost/inulaApp database.","level":"info"}
{"message":"Listening on port 3000...","level":"info"}
{"message":"Connected to mongodb://localhost/inulaApp database.","level":"info"}
{"message":"Listening on port 3000...","level":"info"}
{"message":"Connected to mongodb://localhost/inulaApp database.","level":"info"}
{"message":"Listening on port 3000...","level":"info"}
{"message":"Connected to mongodb://localhost/inulaApp database.","level":"info"}
{"message":"Listening on port 3000...","level":"info"}
{"message":"Connected to mongodb://localhost/inulaApp database.","level":"info"}
{"message":"Listening on port 3000...","level":"info"}
{"message":"Connected to mongodb://localhost/inulaApp database.","level":"info"}
{"message":"Listening on port 3000...","level":"info"}
{"message":"Connected to mongodb://localhost/inulaApp database.","level":"info"}
{"message":"Listening on port 3000...","level":"info"}
{"message":"Connected to mongodb://localhost/inulaApp database.","level":"info"}
{"message":"Listening on port 3000...","level":"info"}
{"message":"Connected to mongodb://localhost/inulaApp database.","level":"info"}
{"message":"Listening on port 3000...","level":"info"}
{"message":"Connected to mongodb://localhost/inulaApp database.","level":"info"}
{"message":"Listening on port 3000...","level":"info"}
{"message":"Connected to mongodb://localhost/inulaApp database.","level":"info"}
{"message":"Listening on port 3000...","level":"info"}
{"message":"Connected to mongodb://localhost/inulaApp database.","level":"info"}
{"message":"Listening on port 3000...","level":"info"}
{"message":"Connected to mongodb://localhost/inulaApp database.","level":"info"}
{"message":"Listening on port 3000...","level":"info"}
{"message":"Connected to mongodb://localhost/inulaApp database.","level":"info"}
{"message":"Listening on port 3000...","level":"info"}
{"message":"Connected to mongodb://localhost/inulaApp database.","level":"info"}
{"message":"Listening on port 3000...","level":"info"}
{"message":"Connected to mongodb://localhost/inulaApp database.","level":"info"}
{"message":"Listening on port 3000...","level":"info"}
{"message":"Connected to mongodb://localhost/inulaApp database.","level":"info"}
{"message":"Listening on port 3000...","level":"info"}
{"message":"Connected to mongodb://localhost/inulaApp database.","level":"info"}
{"message":"Listening on port 3000...","level":"info"}
{"message":"Connected to mongodb://localhost/inulaApp database.","level":"info"}
{"message":"Listening on port 3000...","level":"info"}
{"message":"Connected to mongodb://localhost/inulaApp database.","level":"info"}
{"message":"Listening on port 3000...","level":"info"}
{"message":"Connected to mongodb://localhost/inulaApp database.","level":"info"}
{"message":"Listening on port 3000...","level":"info"}
{"message":"Connected to mongodb://localhost/inulaApp database.","level":"info"}
{"message":"Listening on port 3000...","level":"info"}
{"message":"Connected to mongodb://localhost/inulaApp database.","level":"info"}
{"message":"Listening on port 3000...","level":"info"}
{"message":"Connected to mongodb://localhost/inulaApp database.","level":"info"}
{"message":"Listening on port 3000...","level":"info"}
{"message":"Connected to mongodb://localhost/inulaApp database.","level":"info"}
{"message":"Listening on port 3000...","level":"info"}
{"message":"Connected to mongodb://localhost/inulaApp database.","level":"info"}
{"message":"Listening on port 3000...","level":"info"}
{"message":"Connected to mongodb://localhost/inulaApp database.","level":"info"}
{"message":"Listening on port 3000...","level":"info"}
{"message":"Connected to mongodb://localhost/inulaApp database.","level":"info"}
{"message":"Listening on port 3000...","level":"info"}
{"message":"Connected to mongodb://localhost/inulaApp database.","level":"info"}
{"message":"Listening on port 3000...","level":"info"}
{"message":"Connected to mongodb://localhost/inulaApp database.","level":"info"}
{"message":"Listening on port 3000...","level":"info"}
{"message":"Connected to mongodb://localhost/inulaApp database.","level":"info"}
{"message":"Listening on port 3000...","level":"info"}
{"message":"Connected to mongodb://localhost/inulaApp database.","level":"info"}
{"message":"Listening on port 3000...","level":"info"}
{"message":"Connected to mongodb://localhost/inulaApp database.","level":"info"}
{"message":"Listening on port 3000...","level":"info"}
{"message":"Connected to mongodb://localhost/inulaApp database.","level":"info"}
{"message":"Listening on port 3000...","level":"info"}
{"message":"Connected to mongodb://localhost/inulaApp database.","level":"info"}
{"message":"Listening on port 3000...","level":"info"}
{"message":"Connected to mongodb://localhost/inulaApp database.","level":"info"}
{"message":"Listening on port 3000...","level":"info"}
{"message":"Connected to mongodb://localhost/inulaApp database.","level":"info"}
{"message":"Listening on port 3000...","level":"info"}
{"message":"Connected to mongodb://localhost/inulaApp database.","level":"info"}
{"message":"Listening on port 3000...","level":"info"}
{"message":"Connected to mongodb://localhost/inulaApp database.","level":"info"}
{"message":"Listening on port 3000...","level":"info"}
{"message":"Connected to mongodb://localhost/inulaApp database.","level":"info"}
{"message":"Listening on port 3000...","level":"info"}
{"message":"Connected to mongodb://localhost/inulaApp database.","level":"info"}
{"message":"Listening on port 3000...","level":"info"}
{"message":"Connected to mongodb://localhost/inulaApp database.","level":"info"}
{"message":"Listening on port 3000...","level":"info"}
{"message":"Connected to mongodb://localhost/inulaApp database.","level":"info"}
{"message":"Listening on port 3000...","level":"info"}
{"message":"Connected to mongodb://localhost/inulaApp database.","level":"info"}
{"message":"Listening on port 3000...","level":"info"}
{"message":"Connected to mongodb://localhost/inulaApp database.","level":"info"}
{"message":"Listening on port 3000...","level":"info"}
{"message":"Connected to mongodb://localhost/inulaApp database.","level":"info"}
{"message":"Listening on port 3000...","level":"info"}
{"message":"Connected to mongodb://localhost/inulaApp database.","level":"info"}
{"message":"Listening on port 3000...","level":"info"}
{"message":"Connected to mongodb://localhost/inulaApp database.","level":"info"}
{"message":"Listening on port 3000...","level":"info"}
{"message":"Connected to mongodb://localhost/inulaApp database.","level":"info"}
{"message":"Listening on port 3000...","level":"info"}
{"message":"Connected to mongodb://localhost/inulaApp database.","level":"info"}
{"message":"Listening on port 3000...","level":"info"}
{"message":"Connected to mongodb://localhost/inulaApp database.","level":"info"}
{"message":"Listening on port 3000...","level":"info"}
{"message":"Connected to mongodb://localhost/inulaApp database.","level":"info"}
{"message":"Listening on port 3000...","level":"info"}
{"message":"Connected to mongodb://localhost/inulaApp database.","level":"info"}
{"message":"Listening on port 3000...","level":"info"}
{"message":"Connected to mongodb://localhost/inulaApp database.","level":"info"}
{"message":"Listening on port 3000...","level":"info"}
{"message":"Connected to mongodb://localhost/inulaApp database.","level":"info"}
{"message":"Listening on port 3000...","level":"info"}
{"message":"Connected to mongodb://localhost/inulaApp database.","level":"info"}
{"message":"Listening on port 3000...","level":"info"}
{"message":"Connected to mongodb://localhost/inulaApp database.","level":"info"}
{"message":"Listening on port 3000...","level":"info"}
{"message":"Connected to mongodb://localhost/inulaApp database.","level":"info"}
{"message":"Listening on port 3000...","level":"info"}
{"message":"Connected to mongodb://localhost/inulaApp database.","level":"info"}
{"message":"Listening on port 3000...","level":"info"}
{"message":"Connected to mongodb://localhost/inulaApp database.","level":"info"}
{"message":"Listening on port 3000...","level":"info"}
{"message":"Connected to mongodb://localhost/inulaApp database.","level":"info"}
{"message":"Listening on port 3000...","level":"info"}
{"message":"Connected to mongodb://localhost/inulaApp database.","level":"info"}
{"message":"Listening on port 3000...","level":"info"}
{"message":"Connected to mongodb://localhost/inulaApp database.","level":"info"}
{"message":"Listening on port 3000...","level":"info"}
{"message":"Connected to mongodb://localhost/inulaApp database.","level":"info"}
{"message":"Listening on port 3000...","level":"info"}
{"message":"Connected to mongodb://localhost/inulaApp database.","level":"info"}
{"message":"Listening on port 3000...","level":"info"}
{"message":"Connected to mongodb://localhost/inulaApp database.","level":"info"}
{"message":"Listening on port 3000...","level":"info"}
{"message":"Connected to mongodb://localhost/inulaApp database.","level":"info"}
{"message":"Listening on port 3000...","level":"info"}
{"message":"Connected to mongodb://localhost/inulaApp database.","level":"info"}
{"message":"Listening on port 3000...","level":"info"}
{"message":"Connected to mongodb://localhost/inulaApp database.","level":"info"}
{"message":"Listening on port 3000...","level":"info"}
{"message":"Connected to mongodb://localhost/inulaApp database.","level":"info"}
{"message":"Listening on port 3000...","level":"info"}
{"message":"Connected to mongodb://localhost/inulaApp database.","level":"info"}
{"message":"Listening on port 3000...","level":"info"}
{"message":"Connected to mongodb://localhost/inulaApp database.","level":"info"}
{"message":"Listening on port 3000...","level":"info"}
{"message":"Connected to mongodb://localhost/inulaApp database.","level":"info"}
{"message":"Listening on port 3000...","level":"info"}
{"message":"Connected to mongodb://localhost/inulaApp database.","level":"info"}
{"message":"Listening on port 3000...","level":"info"}
{"message":"Connected to mongodb://localhost/inulaApp database.","level":"info"}
{"message":"Listening on port 3000...","level":"info"}
{"message":"Connected to mongodb://localhost/inulaApp database.","level":"info"}
{"message":"Listening on port 3000...","level":"info"}
{"message":"Connected to mongodb://localhost/inulaApp database.","level":"info"}
{"message":"Listening on port 3000...","level":"info"}
{"message":"Connected to mongodb://localhost/inulaApp database.","level":"info"}
{"message":"Listening on port 3000...","level":"info"}
{"message":"Connected to mongodb://localhost/inulaApp database.","level":"info"}
{"code":"PUG:SELF_CLOSING_CONTENT","msg":"input is a self closing element: <input/> but contains nested content.","line":5,"column":7,"filename":"/home/theafanasevo/MoshJS/NodeJs/Spotless API/views/register.pug"}
{"message":"Listening on port 3000...","level":"info"}
{"message":"Connected to mongodb://localhost/inulaApp database.","level":"info"}
{"message":"Listening on port 3000...","level":"info"}
{"message":"Connected to mongodb://localhost/inulaApp database.","level":"info"}
{"message":"Listening on port 3000...","level":"info"}
{"message":"Connected to mongodb://localhost/inulaApp database.","level":"info"}
{"message":"Listening on port 3000...","level":"info"}
{"message":"Connected to mongodb://localhost/inulaApp database.","level":"info"}
{"message":"Listening on port 3000...","level":"info"}
{"message":"Connected to mongodb://localhost/inulaApp database.","level":"info"}
{"message":"Listening on port 3000...","level":"info"}
{"message":"Connected to mongodb://localhost/inulaApp database.","level":"info"}
{"message":"Listening on port 3000...","level":"info"}
{"message":"Connected to mongodb://localhost/inulaApp database.","level":"info"}
{"code":"PUG:UNEXPECTED_BLOCK","msg":"Unexpected block content","line":2,"column":1,"filename":"/home/theafanasevo/MoshJS/NodeJs/Spotless API/views/register.pug"}
{"message":"Listening on port 3000...","level":"info"}
{"message":"Connected to mongodb://localhost/inulaApp database.","level":"info"}
{"message":"Listening on port 3000...","level":"info"}
{"message":"Connected to mongodb://localhost/inulaApp database.","level":"info"}
{"message":"Listening on port 3000...","level":"info"}
{"message":"Connected to mongodb://localhost/inulaApp database.","level":"info"}
{"message":"Listening on port 3000...","level":"info"}
{"message":"Connected to mongodb://localhost/inulaApp database.","level":"info"}
{"message":"Listening on port 3000...","level":"info"}
{"message":"Connected to mongodb://localhost/inulaApp database.","level":"info"}
{"message":"Listening on port 3000...","level":"info"}
{"message":"Connected to mongodb://localhost/inulaApp database.","level":"info"}
{"message":"Listening on port 3000...","level":"info"}
{"message":"Connected to mongodb://localhost/inulaApp database.","level":"info"}
{"message":"Listening on port 3000...","level":"info"}
{"message":"Connected to mongodb://localhost/inulaApp database.","level":"info"}
{"message":"Listening on port 3000...","level":"info"}
{"message":"Connected to mongodb://localhost/inulaApp database.","level":"info"}
{"message":"Listening on port 3000...","level":"info"}
{"message":"Connected to mongodb://localhost/inulaApp database.","level":"info"}
{"message":"Listening on port 3000...","level":"info"}
{"message":"Connected to mongodb://localhost/inulaApp database.","level":"info"}
{"message":"Listening on port 3000...","level":"info"}
{"message":"Connected to mongodb://localhost/inulaApp database.","level":"info"}
{"message":"Listening on port 3000...","level":"info"}
{"message":"Connected to mongodb://localhost/inulaApp database.","level":"info"}
{"code":"PUG:UNEXPECTED_TEXT","msg":"unexpected text \"{50%}\"","line":5,"column":45,"filename":"/home/theafanasevo/MoshJS/NodeJs/Spotless API/views/register.pug"}
{"message":"Listening on port 3000...","level":"info"}
{"message":"Connected to mongodb://localhost/inulaApp database.","level":"info"}
{"message":"Listening on port 3000...","level":"info"}
{"message":"Connected to mongodb://localhost/inulaApp database.","level":"info"}
{"message":"Listening on port 3000...","level":"info"}
{"message":"Connected to mongodb://localhost/inulaApp database.","level":"info"}
{"message":"Listening on port 3000...","level":"info"}
{"message":"Connected to mongodb://localhost/inulaApp database.","level":"info"}
{"message":"Listening on port 3000...","level":"info"}
{"message":"Connected to mongodb://localhost/inulaApp database.","level":"info"}
{"message":"Listening on port 3000...","level":"info"}
{"message":"Connected to mongodb://localhost/inulaApp database.","level":"info"}
{"message":"Listening on port 3000...","level":"info"}
{"message":"Connected to mongodb://localhost/inulaApp database.","level":"info"}
{"message":"Listening on port 3000...","level":"info"}
{"message":"Connected to mongodb://localhost/inulaApp database.","level":"info"}
{"message":"Listening on port 3000...","level":"info"}
{"message":"Connected to mongodb://localhost/inulaApp database.","level":"info"}
{"message":"Listening on port 2222...","level":"info"}
{"message":"Connected to mongodb://localhost/inulaApp database.","level":"info"}
{"message":"Listening on port 3001...","level":"info"}
{"message":"Connected to mongodb://localhost/inulaApp database.","level":"info"}
{"message":"Listening on port 3001...","level":"info"}
{"message":"Connected to mongodb://localhost/inulaApp database.","level":"info"}
{"message":"Listening on port 3001...","level":"info"}
{"message":"Connected to mongodb://localhost/inulaApp database.","level":"info"}
{"message":"Listening on port 3001...","level":"info"}
{"message":"Connected to mongodb://localhost/inulaApp database.","level":"info"}
{"message":"Listening on port 3001...","level":"info"}
{"message":"Connected to mongodb://localhost/inulaApp database.","level":"info"}
{"message":"Listening on port 3001...","level":"info"}
{"message":"Connected to mongodb://localhost/inulaApp database.","level":"info"}
{"message":"Listening on port 3001...","level":"info"}
{"message":"Connected to mongodb://localhost/inulaApp database.","level":"info"}
{"message":"Listening on port 3001...","level":"info"}
{"message":"Connected to mongodb://localhost/inulaApp database.","level":"info"}
{"message":"Listening on port 3001...","level":"info"}
{"message":"Connected to mongodb://localhost/inulaApp database.","level":"info"}
{"message":"Listening on port 3001...","level":"info"}
{"message":"Connected to mongodb://localhost/inulaApp database.","level":"info"}
{"message":"Listening on port 3001...","level":"info"}
{"message":"Connected to mongodb://localhost/inulaApp database.","level":"info"}
{"message":"Listening on port 3001...","level":"info"}
{"message":"Connected to mongodb://localhost/inulaApp database.","level":"info"}
{"message":"Listening on port 3001...","level":"info"}
{"message":"Connected to mongodb://localhost/inulaApp database.","level":"info"}
{"message":"Listening on port 3001...","level":"info"}
{"message":"Connected to mongodb://localhost/inulaApp database.","level":"info"}
{"message":"Listening on port 3001...","level":"info"}
{"message":"Connected to mongodb://localhost/inulaApp database.","level":"info"}
{"message":"Listening on port 3001...","level":"info"}
{"message":"Connected to mongodb://localhost/inulaApp database.","level":"info"}
{"message":"Listening on port 3001...","level":"info"}
{"message":"Connected to mongodb://localhost/inulaApp database.","level":"info"}
{"message":"Listening on port 3001...","level":"info"}
{"message":"Connected to mongodb://localhost/inulaApp database.","level":"info"}
{"message":"Listening on port 3001...","level":"info"}
{"message":"Connected to mongodb://localhost/inulaApp database.","level":"info"}
{"message":"Listening on port 3001...","level":"info"}
{"message":"Connected to mongodb://localhost/inulaApp database.","level":"info"}
{"message":"Listening on port 3001...","level":"info"}
{"message":"Connected to mongodb://localhost/inulaApp database.","level":"info"}
{"message":"Listening on port 3001...","level":"info"}
{"message":"Connected to mongodb://localhost/inulaApp database.","level":"info"}
{"message":"Listening on port 3001...","level":"info"}
{"message":"Connected to mongodb://localhost/inulaApp database.","level":"info"}
{"message":"Listening on port 3001...","level":"info"}
{"message":"Connected to mongodb://localhost/inulaApp database.","level":"info"}
{"message":"Listening on port 3001...","level":"info"}
{"message":"Connected to mongodb://localhost/inulaApp database.","level":"info"}
{"message":"Listening on port 3000...","level":"info"}
{"message":"Connected to mongodb://localhost/inulaApp database.","level":"info"}
{"message":"Listening on port 3000...","level":"info"}
{"message":"Listening on port 3000...","level":"info"}
{"message":"Connected to mongodb://localhost/inulaApp database.","level":"info"}
{"message":"Listening on port 3000...","level":"info"}
{"name":"MongoNetworkError","errorLabels":["TransientTransactionError"],"level":"error","message":"failed to connect to server [localhost:27017] on first connect [MongoNetworkError: connect ECONNREFUSED 127.0.0.1:27017]"}
{"message":"Listening on port 3000...","level":"info"}
{"message":"Connected to mongodb://localhost/inulaApp database.","level":"info"}
{"message":"Listening on port 3000...","level":"info"}
{"message":"Connected to mongodb://localhost/inulaApp database.","level":"info"}
{"message":"Listening on port 3000...","level":"info"}
{"message":"Connected to mongodb://localhost/inulaApp database.","level":"info"}
{"message":"Listening on port 3000...","level":"info"}
{"message":"Connected to mongodb://localhost/inulaApp database.","level":"info"}
{"message":"Listening on port 3000...","level":"info"}
{"message":"Connected to mongodb://localhost/inulaApp database.","level":"info"}
{"message":"Listening on port 3000...","level":"info"}
{"message":"Connected to mongodb://localhost/inulaApp database.","level":"info"}
{"message":"Listening on port 3000...","level":"info"}
{"message":"Connected to mongodb://localhost/inulaApp database.","level":"info"}
{"message":"Listening on port 3000...","level":"info"}
{"message":"Connected to mongodb://localhost/inulaApp database.","level":"info"}
{"message":"Listening on port 3000...","level":"info"}
{"message":"Connected to mongodb://localhost/inulaApp database.","level":"info"}
{"message":"Listening on port 3000...","level":"info"}
{"message":"Connected to mongodb://localhost/inulaApp database.","level":"info"}
{"message":"Listening on port 3000...","level":"info"}
{"message":"Connected to mongodb://localhost/inulaApp database.","level":"info"}
{"message":"Listening on port 3000...","level":"info"}
{"message":"Connected to mongodb://localhost/inulaApp database.","level":"info"}
{"level":"error","message":"Joi.object(...).key is not a function"}
{"message":"Listening on port 3000...","level":"info"}
{"message":"Connected to mongodb://localhost/inulaApp database.","level":"info"}
{"level":"error","message":"Joi.object(...).key is not a function"}
{"message":"Listening on port 3000...","level":"info"}
{"message":"Connected to mongodb://localhost/inulaApp database.","level":"info"}
{"level":"error","message":"Joi.object(...).key is not a function"}
{"message":"Listening on port 3000...","level":"info"}
{"message":"Connected to mongodb://localhost/inulaApp database.","level":"info"}
{"level":"error","message":"Joi.object(...).key is not a function"}
{"message":"Listening on port 3000...","level":"info"}
{"message":"Connected to mongodb://localhost/inulaApp database.","level":"info"}
{"message":"Listening on port 3000...","level":"info"}
{"message":"Connected to mongodb://localhost/inulaApp database.","level":"info"}
{"message":"Listening on port 3000...","level":"info"}
{"message":"Connected to mongodb://localhost/inulaApp database.","level":"info"}
{"message":"Listening on port 3000...","level":"info"}
{"message":"Connected to mongodb://localhost/inulaApp database.","level":"info"}
{"message":"Listening on port 3000...","level":"info"}
{"message":"Connected to mongodb://localhost/inulaApp database.","level":"info"}
{"message":"Listening on port 3000...","level":"info"}
{"message":"Connected to mongodb://localhost/inulaApp database.","level":"info"}
{"message":"Listening on port 3000...","level":"info"}
{"message":"Connected to mongodb://localhost/inulaApp database.","level":"info"}
{"message":"Listening on port 3000...","level":"info"}
{"message":"Connected to mongodb://localhost/inulaApp database.","level":"info"}
{"message":"Listening on port 3000...","level":"info"}
{"message":"Connected to mongodb://localhost/inulaApp database.","level":"info"}
{"message":"Listening on port 3000...","level":"info"}
{"message":"Connected to mongodb://localhost/inulaApp database.","level":"info"}
{"message":"Listening on port 3000...","level":"info"}
{"message":"Connected to mongodb://localhost/inulaApp database.","level":"info"}
{"message":"Listening on port 3000...","level":"info"}
{"message":"Connected to mongodb://localhost/inulaApp database.","level":"info"}
{"message":"Listening on port 3000...","level":"info"}
{"message":"Connected to mongodb://localhost/inulaApp database.","level":"info"}
{"message":"Listening on port 3000...","level":"info"}
{"message":"Listening on port 3000...","level":"info"}
{"message":"Listening on port 3000...","level":"info"}
{"message":"Connected to mongodb://localhost/inulaApp database.","level":"info"}
{"message":"Listening on port 3000...","level":"info"}
{"message":"Connected to mongodb://localhost/inulaApp database.","level":"info"}
{"code":"PUG:SYNTAX_ERROR","msg":"Syntax Error: Unexpected token","line":25,"column":63,"filename":"/home/theafanasevo/MoshJS/NodeJs/Spotless API/views/login.pug"}
{"message":"Listening on port 3000...","level":"info"}
{"message":"Connected to mongodb://localhost/inulaApp database.","level":"info"}
{"path":"/home/theafanasevo/MoshJS/NodeJs/Spotless API/views/login.pug","level":"error","message":"/home/theafanasevo/MoshJS/NodeJs/Spotless API/views/login.pug:18\n    16|               div.field\n    17|                 p.control.has-icons-left.has-icons-right\n  > 18|                   input.input(type=\"email\" name=`${email= user.email}` placeholder=\"name@domain.com\")\n    19|                   span.icon.is-small.is-left\n    20|                     i.fas.fa-envelope\n    21|                   span.icon.is-small.is-right\n\nCannot read property 'email' of undefined"}
{"message":"Listening on port 3000...","level":"info"}
{"message":"Connected to mongodb://localhost/inulaApp database.","level":"info"}
{"message":"Listening on port 3000...","level":"info"}
{"message":"Connected to mongodb://localhost/inulaApp database.","level":"info"}
{"message":"Listening on port 3000...","level":"info"}
{"message":"Connected to mongodb://localhost/inulaApp database.","level":"info"}
{"message":"Listening on port 3000...","level":"info"}
{"message":"Connected to mongodb://localhost/inulaApp database.","level":"info"}
{"message":"Listening on port 3000...","level":"info"}
{"message":"Connected to mongodb://localhost/inulaApp database.","level":"info"}
{"message":"Listening on port 3000...","level":"info"}
{"message":"Connected to mongodb://localhost/inulaApp database.","level":"info"}
{"message":"Listening on port 3000...","level":"info"}
{"message":"Connected to mongodb://localhost/inulaApp database.","level":"info"}
{"message":"Listening on port 3000...","level":"info"}
{"message":"Connected to mongodb://localhost/inulaApp database.","level":"info"}
{"message":"Listening on port 3000...","level":"info"}
{"message":"Connected to mongodb://localhost/inulaApp database.","level":"info"}
{"message":"Listening on port 3000...","level":"info"}
{"message":"Connected to mongodb://localhost/inulaApp database.","level":"info"}
{"message":"Listening on port 3000...","level":"info"}
{"message":"Connected to mongodb://localhost/inulaApp database.","level":"info"}
{"message":"Listening on port 3000...","level":"info"}
{"message":"Connected to mongodb://localhost/inulaApp database.","level":"info"}
{"message":"Listening on port 3000...","level":"info"}
{"message":"Connected to mongodb://localhost/inulaApp database.","level":"info"}
{"level":"error","message":"Cannot read property 'send' of undefined"}
{"message":"Listening on port 3000...","level":"info"}
{"message":"Connected to mongodb://localhost/inulaApp database.","level":"info"}
{"message":"Listening on port 3000...","level":"info"}
{"message":"Connected to mongodb://localhost/inulaApp database.","level":"info"}
{"message":"Listening on port 3000...","level":"info"}
{"message":"Connected to mongodb://localhost/inulaApp database.","level":"info"}
{"message":"Listening on port 3000...","level":"info"}
{"message":"Connected to mongodb://localhost/inulaApp database.","level":"info"}
{"message":"Listening on port 3000...","level":"info"}
{"message":"Connected to mongodb://localhost/inulaApp database.","level":"info"}
{"message":"Listening on port 3000...","level":"info"}
{"message":"Connected to mongodb://localhost/inulaApp database.","level":"info"}
{"level":"error","message":"user is not defined"}
{"message":"Listening on port 3000...","level":"info"}
{"message":"Connected to mongodb://localhost/inulaApp database.","level":"info"}
{"level":"error","message":"user is not defined"}
{"message":"Listening on port 3000...","level":"info"}
{"message":"Connected to mongodb://localhost/inulaApp database.","level":"info"}
{"level":"error","message":"Cannot set headers after they are sent to the client"}
{"message":"Listening on port 3000...","level":"info"}
{"message":"Connected to mongodb://localhost/inulaApp database.","level":"info"}
{"message":"Listening on port 3000...","level":"info"}
{"message":"Connected to mongodb://localhost/inulaApp database.","level":"info"}
{"level":"error","message":"Invalid status code: x-auth-token"}
{"message":"Listening on port 3000...","level":"info"}
{"message":"Connected to mongodb://localhost/inulaApp database.","level":"info"}
{"message":"Listening on port 3000...","level":"info"}
{"message":"Connected to mongodb://localhost/inulaApp database.","level":"info"}
{"message":"Listening on port 3000...","level":"info"}
{"message":"Connected to mongodb://localhost/inulaApp database.","level":"info"}
{"message":"Listening on port 3000...","level":"info"}
{"message":"Connected to mongodb://localhost/inulaApp database.","level":"info"}
{"message":"Listening on port 3000...","level":"info"}
{"message":"Connected to mongodb://localhost/inulaApp database.","level":"info"}
{"message":"Listening on port 3000...","level":"info"}
{"message":"Connected to mongodb://localhost/inulaApp database.","level":"info"}
{"message":"Listening on port 3000...","level":"info"}
{"message":"Connected to mongodb://localhost/inulaApp database.","level":"info"}
{"level":"error","message":"Cannot read property 'redirect' of undefined"}
{"message":"Listening on port 3000...","level":"info"}
{"message":"Connected to mongodb://localhost/inulaApp database.","level":"info"}
{"level":"error","message":"Cannot set headers after they are sent to the client"}
{"message":"Listening on port 3000...","level":"info"}
{"message":"Connected to mongodb://localhost/inulaApp database.","level":"info"}
{"level":"error","message":"redirect is not defined"}
{"message":"Listening on port 3000...","level":"info"}
{"message":"Connected to mongodb://localhost/inulaApp database.","level":"info"}
{"message":"Listening on port 3000...","level":"info"}
{"message":"Connected to mongodb://localhost/inulaApp database.","level":"info"}
{"message":"Listening on port 3000...","level":"info"}
{"message":"Connected to mongodb://localhost/inulaApp database.","level":"info"}
{"level":"error","message":"x is not defined"}
{"message":"Listening on port 3000...","level":"info"}
{"message":"Connected to mongodb://localhost/inulaApp database.","level":"info"}
{"level":"error","message":"token is not defined"}
{"level":"error","message":"token is not defined"}
{"message":"Listening on port 3000...","level":"info"}
{"message":"Connected to mongodb://localhost/inulaApp database.","level":"info"}
{"message":"Listening on port 3000...","level":"info"}
{"message":"Connected to mongodb://localhost/inulaApp database.","level":"info"}
{"message":"Listening on port 3000...","level":"info"}
{"message":"Connected to mongodb://localhost/inulaApp database.","level":"info"}
{"message":"Listening on port 3000...","level":"info"}
{"message":"Connected to mongodb://localhost/inulaApp database.","level":"info"}
{"message":"Listening on port 3000...","level":"info"}
{"message":"Connected to mongodb://localhost/inulaApp database.","level":"info"}
{"message":"Listening on port 3000...","level":"info"}
{"message":"Connected to mongodb://localhost/inulaApp database.","level":"info"}
{"message":"Listening on port 3000...","level":"info"}
{"message":"Connected to mongodb://localhost/inulaApp database.","level":"info"}
{"level":"error","message":"req.getRequestDispatcher is not a function"}
{"message":"Listening on port 3000...","level":"info"}
{"message":"Connected to mongodb://localhost/inulaApp database.","level":"info"}
{"message":"Listening on port 3000...","level":"info"}
{"message":"Connected to mongodb://localhost/inulaApp database.","level":"info"}
{"message":"Listening on port 3000...","level":"info"}
{"message":"Connected to mongodb://localhost/inulaApp database.","level":"info"}
{"message":"Listening on port 3000...","level":"info"}
{"message":"Connected to mongodb://localhost/inulaApp database.","level":"info"}
{"message":"Listening on port 3000...","level":"info"}
{"message":"Connected to mongodb://localhost/inulaApp database.","level":"info"}
{"level":"error","message":"res.headersSent is not a function"}
{"message":"Listening on port 3000...","level":"info"}
{"message":"Connected to mongodb://localhost/inulaApp database.","level":"info"}
{"message":"Listening on port 3000...","level":"info"}
{"message":"Connected to mongodb://localhost/inulaApp database.","level":"info"}
{"level":"error","message":"Cannot set headers after they are sent to the client"}
{"level":"error","message":"Cannot set headers after they are sent to the client"}
{"message":"Listening on port 3000...","level":"info"}
{"message":"Connected to mongodb://localhost/inulaApp database.","level":"info"}
{"message":"Listening on port 3000...","level":"info"}
{"name":"MongoNetworkError","errorLabels":["TransientTransactionError"],"level":"error","message":"failed to connect to server [localhost:27017] on first connect [MongoNetworkError: connect ECONNREFUSED 127.0.0.1:27017]"}
{"message":"Listening on port 3000...","level":"info"}
{"message":"Connected to mongodb://localhost/inulaApp database.","level":"info"}
{"level":"error","message":"name must be a string to req.get"}
{"message":"Listening on port 3000...","level":"info"}
{"message":"Connected to mongodb://localhost/inulaApp database.","level":"info"}
{"level":"error","message":"dest.end is not a function"}
{"message":"Listening on port 3000...","level":"info"}
{"message":"Connected to mongodb://localhost/inulaApp database.","level":"info"}
{"message":"Listening on port 3000...","level":"info"}
{"message":"Connected to mongodb://localhost/inulaApp database.","level":"info"}
{"level":"error","message":"Cannot pipe, not readable"}
{"message":"Listening on port 3000...","level":"info"}
{"message":"Connected to mongodb://localhost/inulaApp database.","level":"info"}
{"level":"error","message":"Cannot read property 'pipe' of undefined"}
{"message":"Listening on port 3000...","level":"info"}
{"message":"Connected to mongodb://localhost/inulaApp database.","level":"info"}
{"message":"Listening on port 3000...","level":"info"}
{"message":"Connected to mongodb://localhost/inulaApp database.","level":"info"}
{"message":"Listening on port 3000...","level":"info"}
{"message":"Connected to mongodb://localhost/inulaApp database.","level":"info"}
{"message":"Listening on port 3000...","level":"info"}
{"message":"Connected to mongodb://localhost/inulaApp database.","level":"info"}
{"level":"error","message":"req is not defined"}
{"message":"Listening on port 3000...","level":"info"}
{"message":"Connected to mongodb://localhost/inulaApp database.","level":"info"}
{"message":"Listening on port 3000...","level":"info"}
{"message":"Connected to mongodb://localhost/inulaApp database.","level":"info"}
{"message":"Listening on port 3000...","level":"info"}
{"message":"Connected to mongodb://localhost/inulaApp database.","level":"info"}
{"level":"error","message":"auth is not defined"}
{"message":"Listening on port 3000...","level":"info"}
{"message":"Connected to mongodb://localhost/inulaApp database.","level":"info"}
{"message":"Listening on port 3000...","level":"info"}
{"message":"Connected to mongodb://localhost/inulaApp database.","level":"info"}
{"message":"Listening on port 3000...","level":"info"}
{"message":"Connected to mongodb://localhost/inulaApp database.","level":"info"}
{"level":"error","message":"Cannot set headers after they are sent to the client"}
{"message":"Listening on port 3000...","level":"info"}
{"message":"Connected to mongodb://localhost/inulaApp database.","level":"info"}
{"code":"PUG:UNEXPECTED_NODES_IN_EXTENDING_ROOT","msg":"Only named blocks and mixins can appear at the top level of an extending template","line":3,"column":1,"filename":"/home/theafanasevo/MoshJS/NodeJs/Spotless API/views/me.pug"}
{"message":"Listening on port 3000...","level":"info"}
{"message":"Connected to mongodb://localhost/inulaApp database.","level":"info"}
{"code":"PUG:UNEXPECTED_NODES_IN_EXTENDING_ROOT","msg":"Only named blocks and mixins can appear at the top level of an extending template","line":3,"column":1,"filename":"/home/theafanasevo/MoshJS/NodeJs/Spotless API/views/me.pug"}
{"message":"Listening on port 3000...","level":"info"}
{"message":"Connected to mongodb://localhost/inulaApp database.","level":"info"}
{"path":"/home/theafanasevo/MoshJS/NodeJs/Spotless API/views/me.pug","level":"error","message":"/home/theafanasevo/MoshJS/NodeJs/Spotless API/views/me.pug:6\n    4|       div.container.has-text-centered\n    5|         h1.title.is-3.is-spaced Hey\n  > 6|           h2= user.username\n    7|         h2.subtitle.is-3 Welcome to\n    8|         img(src=\"/images/main-logo.png\", alt=\"Logo\", style=\"max-width:350px;\")\n\nCannot read property 'username' of undefined"}
{"message":"Listening on port 3000...","level":"info"}
{"message":"Connected to mongodb://localhost/inulaApp database.","level":"info"}
{"message":"Listening on port 3000...","level":"info"}
{"message":"Connected to mongodb://localhost/inulaApp database.","level":"info"}
{"message":"Listening on port 3000...","level":"info"}
{"message":"Connected to mongodb://localhost/inulaApp database.","level":"info"}
{"message":"Listening on port 3000...","level":"info"}
{"message":"Connected to mongodb://localhost/inulaApp database.","level":"info"}
{"message":"Listening on port 3000...","level":"info"}
{"message":"Connected to mongodb://localhost/inulaApp database.","level":"info"}
{"message":"Listening on port 3000...","level":"info"}
{"message":"Connected to mongodb://localhost/inulaApp database.","level":"info"}
{"message":"Listening on port 3000...","level":"info"}
{"message":"Connected to mongodb://localhost/inulaApp database.","level":"info"}
{"message":"Listening on port 3000...","level":"info"}
{"message":"Connected to mongodb://localhost/inulaApp database.","level":"info"}
{"message":"Listening on port 3000...","level":"info"}
{"message":"Connected to mongodb://localhost/inulaApp database.","level":"info"}
{"message":"Listening on port 3000...","level":"info"}
{"message":"Connected to mongodb://localhost/inulaApp database.","level":"info"}
{"message":"Listening on port 3000...","level":"info"}
{"message":"Connected to mongodb://localhost/inulaApp database.","level":"info"}
{"message":"Listening on port 3000...","level":"info"}
{"message":"Connected to mongodb://localhost/inulaApp database.","level":"info"}
{"message":"Listening on port 3000...","level":"info"}
{"message":"Connected to mongodb://localhost/inulaApp database.","level":"info"}
{"message":"Listening on port 3000...","level":"info"}
{"message":"Connected to mongodb://localhost/inulaApp database.","level":"info"}
{"message":"Listening on port 3000...","level":"info"}
{"message":"Connected to mongodb://localhost/inulaApp database.","level":"info"}
{"level":"error","message":"token is not defined"}
{"message":"Listening on port 3000...","level":"info"}
{"message":"Connected to mongodb://localhost/inulaApp database.","level":"info"}
{"level":"error","message":"token is not defined"}
{"message":"Listening on port 3000...","level":"info"}
{"message":"Connected to mongodb://localhost/inulaApp database.","level":"info"}
{"message":"Listening on port 3000...","level":"info"}
{"message":"Connected to mongodb://localhost/inulaApp database.","level":"info"}
{"level":"error","message":"Cannot set headers after they are sent to the client"}
{"level":"error","message":"Cannot set headers after they are sent to the client"}
{"message":"Listening on port 3000...","level":"info"}
{"message":"Connected to mongodb://localhost/inulaApp database.","level":"info"}
{"code":"PUG:UNEXPECTED_NODES_IN_EXTENDING_ROOT","msg":"Only named blocks and mixins can appear at the top level of an extending template","line":2,"column":1,"filename":"/home/theafanasevo/MoshJS/NodeJs/Spotless API/views/me.pug"}
{"message":"Listening on port 3000...","level":"info"}
{"message":"Connected to mongodb://localhost/inulaApp database.","level":"info"}
